<?xml version="1.0" encoding="UTF-8"?>
<!-- Generated by org.testng.reporters.JUnitReportReporter -->
<testsuite hostname="SHRINATH" failures="0" tests="9" name="testsPack.TestPIMPage" time="13.346" errors="0" timestamp="2025-05-22T18:44:03 IST" skipped="8">
  <testcase classname="testsPack.TestPIMPage" name="addEmployee" time="13.346"/>
  <testcase classname="testsPack.TestPIMPage" name="deleteEmployee">
    <skipped/>
  </testcase> <!-- deleteEmployee -->
  <testcase classname="testsPack.TestPIMPage" name="editEmployeeDetails">
    <skipped/>
  </testcase> <!-- editEmployeeDetails -->
  <testcase classname="testsPack.TestPIMPage" name="viewEmployeeDetails">
    <skipped/>
  </testcase> <!-- viewEmployeeDetails -->
  <testcase classname="testsPack.TestPIMPage" name="filterEmployeeList">
    <skipped/>
  </testcase> <!-- filterEmployeeList -->
  <testcase classname="testsPack.TestPIMPage" name="viewEmployeeList">
    <skipped/>
  </testcase> <!-- viewEmployeeList -->
  <testcase classname="testsPack.TestPIMPage" name="addEmployeePhotos">
    <skipped/>
  </testcase> <!-- addEmployeePhotos -->
  <testcase classname="testsPack.TestPIMPage" name="searchEmployee">
    <skipped/>
  </testcase> <!-- searchEmployee -->
  <testcase classname="testsPack.TestPIMPage" name="editEmploymentStatus">
    <skipped/>
  </testcase> <!-- editEmploymentStatus -->
</testsuite> <!-- testsPack.TestPIMPage -->
