<?xml version="1.0" encoding="UTF-8"?>
<!-- Generated by org.testng.reporters.JUnitReportReporter -->
<testsuite hostname="SHRINATH" failures="0" tests="1" name="testsPack.TestSearch" time="4.896" errors="0" timestamp="2025-05-24T14:42:05 IST" skipped="0">
  <testcase classname="testsPack.TestSearch" name="searchEmployee" time="4.896"/>
</testsuite> <!-- testsPack.TestSearch -->
