<?xml version="1.0" encoding="UTF-8"?>
<!-- Generated by org.testng.reporters.JUnitReportReporter -->
<testsuite hostname="SHRINATH" failures="0" tests="1" name="testsPack.TestLoginPage" time="12.605" errors="0" timestamp="2025-05-22T14:24:09 IST" skipped="0">
  <testcase classname="testsPack.TestLoginPage" name="verifyLoginPage" time="12.605"/>
</testsuite> <!-- testsPack.TestLoginPage -->
